<?xml version="1.0" encoding="UTF-8"?>
<!-- Generated by org.testng.reporters.JUnitReportReporter -->
<testsuite skipped="0" hostname="DESKTOP-9BIN5JU" name="crmTestt.LoginnTestt" tests="2" failures="0" timestamp="01 Jan 2021 03:34:18 GMT" time="33.262" errors="0">
  <testcase name="loginTest" time="16.208" classname="crmTestt.LoginnTestt"/>
  <testcase name="addCustomerTest" time="17.054" classname="crmTestt.LoginnTestt"/>
</testsuite> <!-- crmTestt.LoginnTestt -->
